<?xml version="1.0" encoding="UTF-8"?>
<!-- Generated by org.testng.reporters.JUnitReportReporter -->
<testsuite hostname="DESKTOP-KJQ2V0H" failures="0" tests="1" name="TC01_Test" time="0.008" errors="0" timestamp="2023-01-04T13:09:31 IST" skipped="0">
  <testcase classname="TC01_Test" name="m1" time="0.008"/>
  <system-out>
tc1 running  </system-out>
</testsuite> <!-- TC01_Test -->
