<?xml version="1.0" encoding="UTF-8"?>
<!-- Generated by org.testng.reporters.JUnitReportReporter -->
<testsuite hostname="DESKTOP-KJQ2V0H" failures="0" tests="1" name="TestCases.Tc1_Test" time="0.002" errors="0" timestamp="2023-01-05T11:18:06 IST" skipped="0">
  <testcase classname="TestCases.Tc1_Test" name="m1" time="0.002"/>
  <system-out>
tc1 running  </system-out>
</testsuite> <!-- TestCases.Tc1_Test -->
