<?xml version="1.0" encoding="UTF-8"?>
<!-- Generated by org.testng.reporters.JUnitReportReporter -->
<testsuite hostname="DESKTOP-KJQ2V0H" failures="0" tests="1" name="TestCases.Tc3_Test" time="0.012" errors="0" timestamp="2023-01-05T11:18:06 IST" skipped="0">
  <testcase classname="TestCases.Tc3_Test" name="m3" time="0.012"/>
  <system-out>
tc3 running  </system-out>
</testsuite> <!-- TestCases.Tc3_Test -->
